This is pdfTeX, Version 3.14159265-2.6-1.40.21 (MiKTeX 21.1) (preloaded format=pdflatex 2021.2.10)  28 MAR 2022 22:18
entering extended mode
**./Fenomeni_termici.tex
(Fenomeni_termici.tex
LaTeX2e <2020-10-01> patch level 4
L3 programming layer <2021-01-09> xparse <2020-03-03>
(C:\Users\Fabio\AppData\Local\Programs\MiKTeX\tex/latex/base\article.cls
Document Class: article 2020/04/10 v1.4m Standard LaTeX document class
(C:\Users\Fabio\AppData\Local\Programs\MiKTeX\tex/latex/base\size10.clo
File: size10.clo 2020/04/10 v1.4m Standard LaTeX file (size option)
)
\c@part=\count177
\c@section=\count178
\c@subsection=\count179
\c@subsubsection=\count180
\c@paragraph=\count181
\c@subparagraph=\count182
\c@figure=\count183
\c@table=\count184
\abovecaptionskip=\skip47
\belowcaptionskip=\skip48
\bibindent=\dimen138
)
(C:\Users\Fabio\AppData\Local\Programs\MiKTeX\tex/latex/base\inputenc.sty
Package: inputenc 2020/08/01 v1.3d Input encoding file
\inpenc@prehook=\toks15
\inpenc@posthook=\toks16
)
(C:\Users\Fabio\AppData\Local\Programs\MiKTeX\tex/latex/base\fontenc.sty
Package: fontenc 2020/08/10 v2.0s Standard LaTeX package
)
(C:\Users\Fabio\AppData\Local\Programs\MiKTeX\tex/generic/babel\babel.sty
Package: babel 2020/12/16 3.52 The Babel package

(C:\Users\Fabio\AppData\Local\Programs\MiKTeX\tex/generic/babel\babel.def
File: babel.def 2020/12/16 3.52 Babel common definitions
\babel@savecnt=\count185
\U@D=\dimen139
\l@babelnohyphens=\language79

(C:\Users\Fabio\AppData\Local\Programs\MiKTeX\tex/generic/babel\txtbabel.def)
\bbl@readstream=\read2
)
\bbl@dirlevel=\count186

*************************************
* Local config file bblopts.cfg used
*
(C:\Users\Fabio\AppData\Local\Programs\MiKTeX\tex/latex/arabi\bblopts.cfg
File: bblopts.cfg 2005/09/08 v0.1 add Arabic and Farsi to "declared" options of
 babel
)
(C:\Users\Fabio\AppData\Local\Programs\MiKTeX\tex/latex/babel-italian\italian.l
df
Language: italian 2020/05/21 v.1.4.04 Italian support for the babel system
\it@lettering=\count187
\it@doublequoteactive=\count188
\it@ISOcompliance=\count189
))
(C:\Users\Fabio\AppData\Local\Programs\MiKTeX\tex/latex/etoolbox\etoolbox.sty
Package: etoolbox 2020/10/05 v2.5k e-TeX tools for LaTeX (JAW)
\etb@tempcnta=\count190
)
(C:\Users\Fabio\AppData\Local\Programs\MiKTeX\tex/latex/amsmath\amsmath.sty
Package: amsmath 2020/09/23 v2.17i AMS math features
\@mathmargin=\skip49

For additional information on amsmath, use the `?' option.
(C:\Users\Fabio\AppData\Local\Programs\MiKTeX\tex/latex/amsmath\amstext.sty
Package: amstext 2000/06/29 v2.01 AMS text

(C:\Users\Fabio\AppData\Local\Programs\MiKTeX\tex/latex/amsmath\amsgen.sty
File: amsgen.sty 1999/11/30 v2.0 generic functions
\@emptytoks=\toks17
\ex@=\dimen140
))
(C:\Users\Fabio\AppData\Local\Programs\MiKTeX\tex/latex/amsmath\amsbsy.sty
Package: amsbsy 1999/11/29 v1.2d Bold Symbols
\pmbraise@=\dimen141
)
(C:\Users\Fabio\AppData\Local\Programs\MiKTeX\tex/latex/amsmath\amsopn.sty
Package: amsopn 2016/03/08 v2.02 operator names
)
\inf@bad=\count191
LaTeX Info: Redefining \frac on input line 234.
\uproot@=\count192
\leftroot@=\count193
LaTeX Info: Redefining \overline on input line 399.
\classnum@=\count194
\DOTSCASE@=\count195
LaTeX Info: Redefining \ldots on input line 496.
LaTeX Info: Redefining \dots on input line 499.
LaTeX Info: Redefining \cdots on input line 620.
\Mathstrutbox@=\box47
\strutbox@=\box48
\big@size=\dimen142
LaTeX Font Info:    Redeclaring font encoding OML on input line 743.
LaTeX Font Info:    Redeclaring font encoding OMS on input line 744.
\macc@depth=\count196
\c@MaxMatrixCols=\count197
\dotsspace@=\muskip16
\c@parentequation=\count198
\dspbrk@lvl=\count199
\tag@help=\toks18
\row@=\count266
\column@=\count267
\maxfields@=\count268
\andhelp@=\toks19
\eqnshift@=\dimen143
\alignsep@=\dimen144
\tagshift@=\dimen145
\tagwidth@=\dimen146
\totwidth@=\dimen147
\lineht@=\dimen148
\@envbody=\toks20
\multlinegap=\skip50
\multlinetaggap=\skip51
\mathdisplay@stack=\toks21
LaTeX Info: Redefining \[ on input line 2923.
LaTeX Info: Redefining \] on input line 2924.
)
(C:\Users\Fabio\AppData\Local\Programs\MiKTeX\tex/latex/amsfonts\amsfonts.sty
Package: amsfonts 2013/01/14 v3.01 Basic AMSFonts support
\symAMSa=\mathgroup4
\symAMSb=\mathgroup5
LaTeX Font Info:    Redeclaring math symbol \hbar on input line 98.
LaTeX Font Info:    Overwriting math alphabet `\mathfrak' in version `bold'
(Font)                  U/euf/m/n --> U/euf/b/n on input line 106.
)
(C:\Users\Fabio\AppData\Local\Programs\MiKTeX\tex/latex/amsfonts\amssymb.sty
Package: amssymb 2013/01/14 v3.01 AMS font symbols
)
(C:\Users\Fabio\AppData\Local\Programs\MiKTeX\tex/latex/base\makeidx.sty
Package: makeidx 2014/09/29 v1.0m Standard LaTeX package
)
(C:\Users\Fabio\AppData\Local\Programs\MiKTeX\tex/latex/placeins\placeins.sty
Package: placeins 2005/04/18  v 2.2
)
(C:\Users\Fabio\AppData\Local\Programs\MiKTeX\tex/latex/graphics\graphicx.sty
Package: graphicx 2020/09/09 v1.2b Enhanced LaTeX Graphics (DPC,SPQR)

(C:\Users\Fabio\AppData\Local\Programs\MiKTeX\tex/latex/graphics\keyval.sty
Package: keyval 2014/10/28 v1.15 key=value parser (DPC)
\KV@toks@=\toks22
)
(C:\Users\Fabio\AppData\Local\Programs\MiKTeX\tex/latex/graphics\graphics.sty
Package: graphics 2020/08/30 v1.4c Standard LaTeX Graphics (DPC,SPQR)

(C:\Users\Fabio\AppData\Local\Programs\MiKTeX\tex/latex/graphics\trig.sty
Package: trig 2016/01/03 v1.10 sin cos tan (DPC)
)
(C:\Users\Fabio\AppData\Local\Programs\MiKTeX\tex/latex/graphics-cfg\graphics.c
fg
File: graphics.cfg 2016/06/04 v1.11 sample graphics configuration
)
Package graphics Info: Driver file: pdftex.def on input line 105.

(C:\Users\Fabio\AppData\Local\Programs\MiKTeX\tex/latex/graphics-def\pdftex.def
File: pdftex.def 2020/10/05 v1.2a Graphics/color driver for pdftex
))
\Gin@req@height=\dimen149
\Gin@req@width=\dimen150
)
\c@theorem=\count269
\c@exercize=\count270
\c@corollary=\count271
\c@definition=\count272
\c@prop=\count273

(C:\Users\Fabio\AppData\Local\Programs\MiKTeX\tex/latex/l3backend\l3backend-pdf
tex.def
File: l3backend-pdftex.def 2021-01-09 L3 backend support: PDF output (pdfTeX)
\l__kernel_color_stack_int=\count274
\l__pdf_internal_box=\box49
) (Fenomeni_termici.aux)
\openout1 = `Fenomeni_termici.aux'.

LaTeX Font Info:    Checking defaults for OML/cmm/m/it on input line 29.
LaTeX Font Info:    ... okay on input line 29.
LaTeX Font Info:    Checking defaults for OMS/cmsy/m/n on input line 29.
LaTeX Font Info:    ... okay on input line 29.
LaTeX Font Info:    Checking defaults for OT1/cmr/m/n on input line 29.
LaTeX Font Info:    ... okay on input line 29.
LaTeX Font Info:    Checking defaults for T1/cmr/m/n on input line 29.
LaTeX Font Info:    ... okay on input line 29.
LaTeX Font Info:    Checking defaults for TS1/cmr/m/n on input line 29.
LaTeX Font Info:    ... okay on input line 29.
LaTeX Font Info:    Checking defaults for OMX/cmex/m/n on input line 29.
LaTeX Font Info:    ... okay on input line 29.
LaTeX Font Info:    Checking defaults for U/cmr/m/n on input line 29.
LaTeX Font Info:    ... okay on input line 29.
LaTeX Info: Redefining \it@ocap on input line 29.
LaTeX Info: Redefining \it@ccap on input line 29.

(C:\Users\Fabio\AppData\Local\Programs\MiKTeX\tex/context/base/mkii\supp-pdf.mk
ii
[Loading MPS to PDF converter (version 2006.09.02).]
\scratchcounter=\count275
\scratchdimen=\dimen151
\scratchbox=\box50
\nofMPsegments=\count276
\nofMParguments=\count277
\everyMPshowfont=\toks23
\MPscratchCnt=\count278
\MPscratchDim=\dimen152
\MPnumerator=\count279
\makeMPintoPDFobject=\count280
\everyMPtoPDFconversion=\toks24
)
(C:\Users\Fabio\AppData\Local\Programs\MiKTeX\tex/latex/epstopdf-pkg\epstopdf-b
ase.sty
Package: epstopdf-base 2020-01-24 v2.11 Base part for package epstopdf
Package epstopdf-base Info: Redefining graphics rule for `.eps' on input line 4
85.
)
LaTeX Font Info:    Trying to load font information for U+msa on input line 30.


(C:\Users\Fabio\AppData\Local\Programs\MiKTeX\tex/latex/amsfonts\umsa.fd
File: umsa.fd 2013/01/14 v3.01 AMS symbols A
)
LaTeX Font Info:    Trying to load font information for U+msb on input line 30.


(C:\Users\Fabio\AppData\Local\Programs\MiKTeX\tex/latex/amsfonts\umsb.fd
File: umsb.fd 2013/01/14 v3.01 AMS symbols B
)
Underfull \hbox (badness 10000) in paragraph at lines 32--33

 []

[1

{C:/Users/Fabio/AppData/Local/MiKTeX/pdftex/config/pdftex.map}] [2] [3]
[4] [5] [6]
Underfull \hbox (badness 10000) in paragraph at lines 202--205

 []

[7]

LaTeX Warning: Command \textdegree invalid in math mode on input line 218.


LaTeX Warning: Command \textdegree invalid in math mode on input line 218.

Missing character: There is no ° in font cmr10!

LaTeX Warning: Command \textdegree invalid in math mode on input line 218.


LaTeX Warning: Command \textdegree invalid in math mode on input line 218.

Missing character: There is no ° in font cmr10!

LaTeX Warning: Command \textdegree invalid in math mode on input line 218.


LaTeX Warning: Command \textdegree invalid in math mode on input line 218.

Missing character: There is no ° in font cmr10!

LaTeX Warning: Command \textdegree invalid in math mode on input line 218.


LaTeX Warning: Command \textdegree invalid in math mode on input line 218.

Missing character: There is no ° in font cmr10!
<../images/../images/Lennard-Jones_model.png, id=39, 685.3605pt x 495.65175pt>
File: ../images/../images/Lennard-Jones_model.png Graphic file (type png)
<use ../images/../images/Lennard-Jones_model.png>
Package pdftex.def Info: ../images/../images/Lennard-Jones_model.png  used on i
nput line 229.
(pdftex.def)             Requested size: 207.0021pt x 149.70255pt.

LaTeX Warning: `!h' float specifier changed to `!ht'.

[8]
<../images/termometro-a-gas.jpg, id=47, 401.5pt x 340.27126pt>
File: ../images/termometro-a-gas.jpg Graphic file (type jpg)
<use ../images/termometro-a-gas.jpg>
Package pdftex.def Info: ../images/termometro-a-gas.jpg  used on input line 244
.
(pdftex.def)             Requested size: 207.0021pt x 175.43636pt.


LaTeX Warning: `!h' float specifier changed to `!ht'.

[9 <../images/../images/Lennard-Jones_model.png>]
<../images/temp_e_puntotriplo.png, id=52, 549.252pt x 389.65575pt>
File: ../images/temp_e_puntotriplo.png Graphic file (type png)
<use ../images/temp_e_puntotriplo.png>
Package pdftex.def Info: ../images/temp_e_puntotriplo.png  used on input line 2
63.
(pdftex.def)             Requested size: 241.49895pt x 171.32419pt.


LaTeX Warning: `!h' float specifier changed to `!ht'.

[10 <../images/termometro-a-gas.jpg>]
<../images/Punti_fissi.png, id=56, 614.295pt x 392.06474pt>
File: ../images/Punti_fissi.png Graphic file (type png)
<use ../images/Punti_fissi.png>
Package pdftex.def Info: ../images/Punti_fissi.png  used on input line 273.
(pdftex.def)             Requested size: 241.49895pt x 154.13103pt.


LaTeX Warning: `!h' float specifier changed to `!ht'.

[11 <../images/temp_e_puntotriplo.png>] [12 <../images/Punti_fissi.png>]
<../images/cilindro_aria.png, id=66, 699.8145pt x 419.166pt>
File: ../images/cilindro_aria.png Graphic file (type png)
<use ../images/cilindro_aria.png>
Package pdftex.def Info: ../images/cilindro_aria.png  used on input line 338.
(pdftex.def)             Requested size: 172.5pt x 103.32018pt.


LaTeX Warning: `!h' float specifier changed to `!ht'.

[13] [14 <../images/cilindro_aria.png>]
<../images/isoterma.png, id=75, 337.26pt x 290.2845pt>
File: ../images/isoterma.png Graphic file (type png)
<use ../images/isoterma.png>
Package pdftex.def Info: ../images/isoterma.png  used on input line 381.
(pdftex.def)             Requested size: 172.5pt x 148.4772pt.


LaTeX Warning: `!h' float specifier changed to `!ht'.

[15] [16 <../images/isoterma.png>] [17] [18]
<../images/costantiaeb.png, id=89, 163.20975pt x 142.73325pt>
File: ../images/costantiaeb.png Graphic file (type png)
<use ../images/costantiaeb.png>
Package pdftex.def Info: ../images/costantiaeb.png  used on input line 497.
(pdftex.def)             Requested size: 172.5pt x 150.86308pt.


LaTeX Warning: `!h' float specifier changed to `!ht'.

[19]
<../images/Van_der_Waals.png, id=94, 1068.99374pt x 1027.84pt>
File: ../images/Van_der_Waals.png Graphic file (type png)
<use ../images/Van_der_Waals.png>
Package pdftex.def Info: ../images/Van_der_Waals.png  used on input line 510.
(pdftex.def)             Requested size: 207.0021pt x 199.0243pt.
 [20 <../images/costantiaeb.png> <../images/Van_der_Waals.png>]
<../images/diagramma di fase.png, id=100, 647.41875pt x 371.3875pt>
File: ../images/diagramma di fase.png Graphic file (type png)
<use ../images/diagramma di fase.png>
Package pdftex.def Info: ../images/diagramma di fase.png  used on input line 54
9.
(pdftex.def)             Requested size: 207.0021pt x 118.74442pt.
 [21]
<../images/calcolo di maxwell.png, id=104, 286.671pt x 178.86826pt>
File: ../images/calcolo di maxwell.png Graphic file (type png)
<use ../images/calcolo di maxwell.png>
Package pdftex.def Info: ../images/calcolo di maxwell.png  used on input line 5
57.
(pdftex.def)             Requested size: 172.5pt x 107.63564pt.

[22 <../images/diagramma di fase.png> <../images/calcolo di maxwell.png>]
<../images/diagrammadifase3D.png, id=109, 424.58624pt x 495.65175pt>
File: ../images/diagrammadifase3D.png Graphic file (type png)
<use ../images/diagrammadifase3D.png>
Package pdftex.def Info: ../images/diagrammadifase3D.png  used on input line 56
6.
(pdftex.def)             Requested size: 172.5pt x 201.37314pt.
<../images/diagrammadifasePT.png, id=110, 687.56876pt x 548.0475pt>
File: ../images/diagrammadifasePT.png Graphic file (type png)
<use ../images/diagrammadifasePT.png>
Package pdftex.def Info: ../images/diagrammadifasePT.png  used on input line 57
9.
(pdftex.def)             Requested size: 207.0021pt x 164.99252pt.


LaTeX Warning: `!h' float specifier changed to `!ht'.

[23 <../images/diagrammadifase3D.png>] [24 <../images/diagrammadifasePT.png>]

LaTeX Warning: Command \r invalid in math mode on input line 600.

Missing character: There is no Å in font cmr10!

Underfull \hbox (badness 10000) in paragraph at lines 598--601

 []


LaTeX Warning: Command \r invalid in math mode on input line 605.

Missing character: There is no Å in font cmr10!

LaTeX Warning: Command \r invalid in math mode on input line 605.

Missing character: There is no Å in font cmr10!

Underfull \hbox (badness 10000) in paragraph at lines 605--608

 []


LaTeX Warning: Command \r invalid in math mode on input line 610.

Missing character: There is no Å in font cmr10!

LaTeX Warning: Command \r invalid in math mode on input line 610.

Missing character: There is no Å in font cmr10!

Underfull \hbox (badness 10000) in paragraph at lines 610--614

 []


Underfull \hbox (badness 10000) in paragraph at lines 610--614

 []

[25] [26] [27] [28] [29]
<../images/gausspdf.png, id=135, 451.6875pt x 278.84175pt>
File: ../images/gausspdf.png Graphic file (type png)
<use ../images/gausspdf.png>
Package pdftex.def Info: ../images/gausspdf.png  used on input line 754.
(pdftex.def)             Requested size: 207.0021pt x 127.7922pt.
 [30 <../images/gausspdf.png>]
<../images/guscio.png, id=140, 706.43925pt x 422.17725pt>
File: ../images/guscio.png Graphic file (type png)
<use ../images/guscio.png>
Package pdftex.def Info: ../images/guscio.png  used on input line 772.
(pdftex.def)             Requested size: 241.49895pt x 144.31783pt.
<../images/speedpdf.png, id=141, 413.1435pt x 254.1495pt>
File: ../images/speedpdf.png Graphic file (type png)
<use ../images/speedpdf.png>
Package pdftex.def Info: ../images/speedpdf.png  used on input line 784.
(pdftex.def)             Requested size: 207.0021pt x 127.33813pt.
 [31 <../images/guscio.png>] [32 <../images/speedpdf.png>]
<../images/Esperimento_Maxwell.png, id=151, 741.972pt x 277.035pt>
File: ../images/Esperimento_Maxwell.png Graphic file (type png)
<use ../images/Esperimento_Maxwell.png>
Package pdftex.def Info: ../images/Esperimento_Maxwell.png  used on input line 
826.
(pdftex.def)             Requested size: 310.4979pt x 115.93118pt.


LaTeX Warning: `!h' float specifier changed to `!ht'.

[33] [34 <../images/Esperimento_Maxwell.png>] [35]
<../images/libero_cammino_medio.png, id=162, 361.95226pt x 224.037pt>
File: ../images/libero_cammino_medio.png Graphic file (type png)
<use ../images/libero_cammino_medio.png>
Package pdftex.def Info: ../images/libero_cammino_medio.png  used on input line
 883.
(pdftex.def)             Requested size: 241.49895pt x 149.48524pt.


LaTeX Warning: `!h' float specifier changed to `!ht'.

[36] [37 <../images/libero_cammino_medio.png>]
Overfull \hbox (38.67113pt too wide) in paragraph at lines 907--908
[]\T1/cmr/m/it/10 Le cop-pie for-za generalizzata-spostamento
 []

[38] [39]
<../images/trasformazione-isocora.png, id=177, 380.42125pt x 301.125pt>
File: ../images/trasformazione-isocora.png Graphic file (type png)
<use ../images/trasformazione-isocora.png>
Package pdftex.def Info: ../images/trasformazione-isocora.png  used on input li
ne 973.
(pdftex.def)             Requested size: 137.9979pt x 109.23656pt.
<../images/trasformazione-isobara.png, id=178, 402.50375pt x 301.125pt>
File: ../images/trasformazione-isobara.png Graphic file (type png)
<use ../images/trasformazione-isobara.png>
Package pdftex.def Info: ../images/trasformazione-isobara.png  used on input li
ne 984.
(pdftex.def)             Requested size: 137.9979pt x 103.24036pt.
<../images/trasformazione-isoterma.png, id=179, 418.56375pt x 301.125pt>
File: ../images/trasformazione-isoterma.png Graphic file (type png)
<use ../images/trasformazione-isoterma.png>
Package pdftex.def Info: ../images/trasformazione-isoterma.png  used on input l
ine 995.
(pdftex.def)             Requested size: 172.5pt x 124.10071pt.


LaTeX Warning: `!h' float specifier changed to `!ht'.

[40 <../images/trasformazione-isocora.png (PNG copy)> <../images/trasformazione
-isobara.png (PNG copy)>]
<../images/espansione_libera.jpg, id=183, 247.92625pt x 204.765pt>
File: ../images/espansione_libera.jpg Graphic file (type jpg)
<use ../images/espansione_libera.jpg>
Package pdftex.def Info: ../images/espansione_libera.jpg  used on input line 10
09.
(pdftex.def)             Requested size: 172.5pt x 142.46902pt.
 [41 <../images/trasformazione-isoterma.png (PNG copy)> <../images/espansione_l
ibera.jpg>] [42]
<../images/ciclo.png, id=190, 384.43625pt x 132.495pt>
File: ../images/ciclo.png Graphic file (type png)
<use ../images/ciclo.png>
Package pdftex.def Info: ../images/ciclo.png  used on input line 1059.
(pdftex.def)             Requested size: 172.5pt x 59.45236pt.


LaTeX Warning: `!h' float specifier changed to `!ht'.

[43] [44 <../images/ciclo.png>]
Overfull \hbox (1.38042pt too wide) in paragraph at lines 1101--1102
[]\T1/cmr/m/it/10 Durante una qual-
 []

[45] [46] [47] (Fenomeni_termici.aux) ) 
Here is how much of TeX's memory you used:
 4008 strings out of 479618
 56231 string characters out of 2865026
 357258 words of memory out of 3000000
 21109 multiletter control sequences out of 15000+200000
 418797 words of font info for 66 fonts, out of 3000000 for 9000
 1141 hyphenation exceptions out of 8191
 68i,18n,74p,1817b,304s stack positions out of 5000i,500n,10000p,200000b,50000s
 <C:\Users\Fabio\AppData\Local\MiKTeX\fo
nts/pk/ljfour/jknappen/ec/dpi600\ecbi1000.pk> <C:\Users\Fabio\AppData\Local\MiK
TeX\fonts/pk/ljfour/jknappen/ec/dpi600\tcrm1000.pk> <C:\Users\Fabio\AppData\Loc
al\MiKTeX\fonts/pk/ljfour/jknappen/ec/dpi600\ecti1000.pk> <C:\Users\Fabio\AppDa
ta\Local\MiKTeX\fonts/pk/ljfour/jknappen/ec/dpi600\ecbx1000.pk> <C:\Users\Fabio
\AppData\Local\MiKTeX\fonts/pk/ljfour/jknappen/ec/dpi600\ecbx1200.pk> <C:\Users
\Fabio\AppData\Local\MiKTeX\fonts/pk/ljfour/jknappen/ec/dpi600\ecrm1000.pk> <C:
\Users\Fabio\AppData\Local\MiKTeX\fonts/pk/ljfour/jknappen/ec/dpi600\ecbx1440.p
k> <C:\Users\Fabio\AppData\Local\MiKTeX\fonts/pk/ljfour/jknappen/ec/dpi600\ecrm
1200.pk> <C:\Users\Fabio\AppData\Local\MiKTeX\fonts/pk/ljfour/jknappen/ec/dpi60
0\ecrm1728.pk><C:/Users/Fabio/AppData/Local/Programs/MiKTeX/fonts/type1/public/
amsfonts/cm/cmex10.pfb><C:/Users/Fabio/AppData/Local/Programs/MiKTeX/fonts/type
1/public/amsfonts/cm/cmmi10.pfb><C:/Users/Fabio/AppData/Local/Programs/MiKTeX/f
onts/type1/public/amsfonts/cm/cmmi5.pfb><C:/Users/Fabio/AppData/Local/Programs/
MiKTeX/fonts/type1/public/amsfonts/cm/cmmi7.pfb><C:/Users/Fabio/AppData/Local/P
rograms/MiKTeX/fonts/type1/public/amsfonts/cm/cmr10.pfb><C:/Users/Fabio/AppData
/Local/Programs/MiKTeX/fonts/type1/public/amsfonts/cm/cmr5.pfb><C:/Users/Fabio/
AppData/Local/Programs/MiKTeX/fonts/type1/public/amsfonts/cm/cmr7.pfb><C:/Users
/Fabio/AppData/Local/Programs/MiKTeX/fonts/type1/public/amsfonts/cm/cmsy10.pfb>
<C:/Users/Fabio/AppData/Local/Programs/MiKTeX/fonts/type1/public/amsfonts/cm/cm
sy5.pfb><C:/Users/Fabio/AppData/Local/Programs/MiKTeX/fonts/type1/public/amsfon
ts/cm/cmsy7.pfb>
Output written on Fenomeni_termici.pdf (47 pages, 1175866 bytes).
PDF statistics:
 595 PDF objects out of 1000 (max. 8388607)
 0 named destinations out of 1000 (max. 500000)
 111 words of extra memory for PDF output out of 10000 (max. 10000000)

